Using pre-set license
Built from '2021.2/staging' branch; Version is '2021.2.13f1 (90b6766da538) revision 9483894'; Using compiler version '192829333'; Build Type 'Release'
OS: 'Windows 10  (10.0.19044) 64bit Core' Language: 'es' Physical Memory: 16302 MB
BatchMode: 1, IsHumanControllingUs: 0, StartBugReporterOnCrash: 0, Is64bit: 1, IsPro: 1

COMMAND LINE ARGUMENTS:
C:\Program Files\Unity\Hub\Editor\2021.2.13f1\Editor\Unity.exe
-adb2
-batchMode
-noUpm
-name
AssetImportWorker0
-projectPath
C:/Users/Santi/Desktop/Videojuegos/Videojuego Alien/MegaManProject
-logFile
Logs/AssetImportWorker0.log
-srvPort
59684
Successfully changed project path to: C:/Users/Santi/Desktop/Videojuegos/Videojuego Alien/MegaManProject
C:/Users/Santi/Desktop/Videojuegos/Videojuego Alien/MegaManProject
[UnityMemory] Configuration Parameters - Can be set up in boot.config
    "memorysetup-bucket-allocator-granularity=16"
    "memorysetup-bucket-allocator-bucket-count=8"
    "memorysetup-bucket-allocator-block-size=33554432"
    "memorysetup-bucket-allocator-block-count=8"
    "memorysetup-main-allocator-block-size=16777216"
    "memorysetup-thread-allocator-block-size=16777216"
    "memorysetup-gfx-main-allocator-block-size=16777216"
    "memorysetup-gfx-thread-allocator-block-size=16777216"
    "memorysetup-cache-allocator-block-size=4194304"
    "memorysetup-typetree-allocator-block-size=2097152"
    "memorysetup-profiler-bucket-allocator-granularity=16"
    "memorysetup-profiler-bucket-allocator-bucket-count=8"
    "memorysetup-profiler-bucket-allocator-block-size=33554432"
    "memorysetup-profiler-bucket-allocator-block-count=8"
    "memorysetup-profiler-allocator-block-size=16777216"
    "memorysetup-profiler-editor-allocator-block-size=1048576"
    "memorysetup-temp-allocator-size-main=16777216"
    "memorysetup-job-temp-allocator-block-size=2097152"
    "memorysetup-job-temp-allocator-block-size-background=1048576"
    "memorysetup-job-temp-allocator-reduction-small-platforms=262144"
    "memorysetup-temp-allocator-size-background-worker=32768"
    "memorysetup-temp-allocator-size-job-worker=262144"
    "memorysetup-temp-allocator-size-preload-manager=33554432"
    "memorysetup-temp-allocator-size-nav-mesh-worker=65536"
    "memorysetup-temp-allocator-size-audio-worker=65536"
    "memorysetup-temp-allocator-size-cloud-worker=32768"
    "memorysetup-temp-allocator-size-gi-baking-worker=262144"
    "memorysetup-temp-allocator-size-gfx=262144"
Refreshing native plugins compatible for Editor in 195.91 ms, found 4 plugins.
Preloading 0 native plugins for Editor in 0.00 ms.
Initialize engine version: 2021.2.13f1 (90b6766da538)
[Subsystems] Discovering subsystems at path C:/Program Files/Unity/Hub/Editor/2021.2.13f1/Editor/Data/Resources/UnitySubsystems
[Subsystems] Discovering subsystems at path C:/Users/Santi/Desktop/Videojuegos/Videojuego Alien/MegaManProject/Assets
GfxDevice: creating device client; threaded=0; jobified=0
Direct3D:
    Version:  Direct3D 11.0 [level 11.1]
    Renderer: Radeon RX 570 Series (ID=0x67df)
    Vendor:   ATI
    VRAM:     4075 MB
    Driver:   30.0.13023.4001
Initialize mono
Mono path[0] = 'C:/Program Files/Unity/Hub/Editor/2021.2.13f1/Editor/Data/Managed'
Mono path[1] = 'C:/Program Files/Unity/Hub/Editor/2021.2.13f1/Editor/Data/MonoBleedingEdge/lib/mono/unityjit-win32'
Mono config path = 'C:/Program Files/Unity/Hub/Editor/2021.2.13f1/Editor/Data/MonoBleedingEdge/etc'
Using monoOptions --debugger-agent=transport=dt_socket,embedding=1,server=y,suspend=n,address=127.0.0.1:56552
Begin MonoManager ReloadAssembly
Registering precompiled unity dll's ...
Register platform support module: C:/Program Files/Unity/Hub/Editor/2021.2.13f1/Editor/Data/PlaybackEngines/WindowsStandaloneSupport/UnityEditor.WindowsStandalone.Extensions.dll
Registered in 0.033860 seconds.
Native extension for WindowsStandalone target not found
Refreshing native plugins compatible for Editor in 139.65 ms, found 4 plugins.
Preloading 0 native plugins for Editor in 0.00 ms.
Mono: successfully reloaded assembly
- Completed reload, in  1.204 seconds
Domain Reload Profiling:
	ReloadAssembly (1205ms)
		BeginReloadAssembly (181ms)
			ExecutionOrderSort (0ms)
			DisableScriptedObjects (0ms)
			BackupInstance (0ms)
			ReleaseScriptingObjects (0ms)
			CreateAndSetChildDomain (1ms)
		EndReloadAssembly (742ms)
			LoadAssemblies (174ms)
			RebuildTransferFunctionScriptingTraits (0ms)
			SetupTypeCache (181ms)
			ReleaseScriptCaches (0ms)
			RebuildScriptCaches (46ms)
			SetupLoadedEditorAssemblies (426ms)
				LogAssemblyErrors (0ms)
				InitializePlatformSupportModulesInManaged (14ms)
				SetLoadedEditorAssemblies (0ms)
				RefreshPlugins (140ms)
				BeforeProcessingInitializeOnLoad (2ms)
				ProcessInitializeOnLoadAttributes (197ms)
				ProcessInitializeOnLoadMethodAttributes (72ms)
				AfterProcessingInitializeOnLoad (0ms)
				EditorAssembliesLoaded (0ms)
			ExecutionOrderSort2 (0ms)
			AwakeInstancesAfterBackupRestoration (0ms)
Platform modules already initialized, skipping
Registering precompiled user dll's ...
Registered in 0.017595 seconds.
Begin MonoManager ReloadAssembly
Symbol file LoadedFromMemory doesn't match image C:\Users\Santi\Desktop\Videojuegos\Videojuego Alien\MegaManProject\Library\PackageCache\com.unity.visualscripting@1.7.6\Editor\VisualScripting.Core\Dependencies\YamlDotNet\Unity.VisualScripting.YamlDotNet.dll
Symbol file LoadedFromMemory doesn't match image C:\Users\Santi\Desktop\Videojuegos\Videojuego Alien\MegaManProject\Library\PackageCache\com.unity.visualscripting@1.7.6\Editor\VisualScripting.Core\Dependencies\DotNetZip\Unity.VisualScripting.IonicZip.dll
Native extension for WindowsStandalone target not found
Refreshing native plugins compatible for Editor in 181.28 ms, found 4 plugins.
Preloading 0 native plugins for Editor in 0.00 ms.
Mono: successfully reloaded assembly
- Completed reload, in  3.392 seconds
Domain Reload Profiling:
	ReloadAssembly (3393ms)
		BeginReloadAssembly (256ms)
			ExecutionOrderSort (0ms)
			DisableScriptedObjects (12ms)
			BackupInstance (0ms)
			ReleaseScriptingObjects (0ms)
			CreateAndSetChildDomain (31ms)
		EndReloadAssembly (2887ms)
			LoadAssemblies (210ms)
			RebuildTransferFunctionScriptingTraits (0ms)
			SetupTypeCache (446ms)
			ReleaseScriptCaches (1ms)
			RebuildScriptCaches (112ms)
			SetupLoadedEditorAssemblies (2040ms)
				LogAssemblyErrors (0ms)
				InitializePlatformSupportModulesInManaged (13ms)
				SetLoadedEditorAssemblies (0ms)
				RefreshPlugins (181ms)
				BeforeProcessingInitializeOnLoad (221ms)
				ProcessInitializeOnLoadAttributes (1526ms)
				ProcessInitializeOnLoadMethodAttributes (69ms)
				AfterProcessingInitializeOnLoad (28ms)
				EditorAssembliesLoaded (0ms)
			ExecutionOrderSort2 (0ms)
			AwakeInstancesAfterBackupRestoration (13ms)
Platform modules already initialized, skipping
========================================================================
Worker process is ready to serve import requests
Launched and connected shader compiler UnityShaderCompiler.exe after 0.09 seconds
Refreshing native plugins compatible for Editor in 1.38 ms, found 4 plugins.
Preloading 0 native plugins for Editor in 0.00 ms.
Unloading 4048 Unused Serialized files (Serialized files now loaded: 0)
Unloading 41 unused Assets / (225.8 KB). Loaded Objects now: 4500.
Memory consumption went from 152.8 MB to 152.5 MB.
Total: 6.673500 ms (FindLiveObjects: 0.473000 ms CreateObjectMapping: 0.247900 ms MarkObjects: 5.688900 ms  DeleteObjects: 0.261200 ms)

AssetImportParameters requested are different than current active one (requested -> active):
  custom:video-decoder-ogg-theora: a1e56fd34408186e4bbccfd4996cb3dc -> 
  custom:container-muxer-webm: aa71ff27fc2769a1b78a27578f13a17b -> 
  custom:container-demuxer-webm: 4f35f7cbe854078d1ac9338744f61a02 -> 
  custom:video-encoder-webm-vp8: eb34c28f22e8b96e1ab97ce403110664 -> 
  custom:audio-encoder-webm-vorbis: bf7c407c2cedff20999df2af8eb42d56 -> 
  custom:framework-win-MediaFoundation: 216162199b28c13a410421893ffa2e32 -> 
  custom:container-demuxer-ogg: 62fdf1f143b41e24485cea50d1cbac27 -> 
  custom:video-decoder-webm-vp8: 9c59270c3fd7afecdb556c50c9e8de78 -> 
  custom:audio-decoder-ogg-vorbis: bf7c407c2cedff20999df2af8eb42d56 -> 
========================================================================
Received Import Request.
  Time since last request: 348711.227588 seconds.
  path: Assets/Animations/Player.controller
  artifactKey: Guid(e5b83930e4c93224eb1681017187b814) Importer(815301076,1909f56bfc062723c751e8b465ee728b)
Start importing Assets/Animations/Player.controller using Guid(e5b83930e4c93224eb1681017187b814) Importer(815301076,1909f56bfc062723c751e8b465ee728b)  -> (artifact id: '0f514a1c15377c64b5cf01cf27f06fed') in 0.072458 seconds 
========================================================================
Received Prepare
Registering precompiled user dll's ...
Registered in 0.020427 seconds.
Begin MonoManager ReloadAssembly
Symbol file LoadedFromMemory doesn't match image C:\Users\Santi\Desktop\Videojuegos\Videojuego Alien\MegaManProject\Library\PackageCache\com.unity.visualscripting@1.7.6\Editor\VisualScripting.Core\Dependencies\YamlDotNet\Unity.VisualScripting.YamlDotNet.dll
Symbol file LoadedFromMemory doesn't match image C:\Users\Santi\Desktop\Videojuegos\Videojuego Alien\MegaManProject\Library\PackageCache\com.unity.visualscripting@1.7.6\Editor\VisualScripting.Core\Dependencies\DotNetZip\Unity.VisualScripting.IonicZip.dll
Native extension for WindowsStandalone target not found
Refreshing native plugins compatible for Editor in 1.16 ms, found 4 plugins.
Preloading 0 native plugins for Editor in 0.00 ms.
Mono: successfully reloaded assembly
- Completed reload, in  1.772 seconds
Domain Reload Profiling:
	ReloadAssembly (1773ms)
		BeginReloadAssembly (227ms)
			ExecutionOrderSort (0ms)
			DisableScriptedObjects (12ms)
			BackupInstance (0ms)
			ReleaseScriptingObjects (0ms)
			CreateAndSetChildDomain (51ms)
		EndReloadAssembly (1371ms)
			LoadAssemblies (168ms)
			RebuildTransferFunctionScriptingTraits (1ms)
			SetupTypeCache (346ms)
			ReleaseScriptCaches (2ms)
			RebuildScriptCaches (71ms)
			SetupLoadedEditorAssemblies (731ms)
				LogAssemblyErrors (0ms)
				InitializePlatformSupportModulesInManaged (22ms)
				SetLoadedEditorAssemblies (1ms)
				RefreshPlugins (1ms)
				BeforeProcessingInitializeOnLoad (139ms)
				ProcessInitializeOnLoadAttributes (496ms)
				ProcessInitializeOnLoadMethodAttributes (49ms)
				AfterProcessingInitializeOnLoad (23ms)
				EditorAssembliesLoaded (0ms)
			ExecutionOrderSort2 (0ms)
			AwakeInstancesAfterBackupRestoration (16ms)
Platform modules already initialized, skipping
Refreshing native plugins compatible for Editor in 4.23 ms, found 4 plugins.
Preloading 0 native plugins for Editor in 0.00 ms.
Unloading 4039 Unused Serialized files (Serialized files now loaded: 0)
Unloading 28 unused Assets / (192.7 KB). Loaded Objects now: 4502.
Memory consumption went from 152.3 MB to 152.2 MB.
Total: 4.699600 ms (FindLiveObjects: 0.347500 ms CreateObjectMapping: 0.174100 ms MarkObjects: 3.992100 ms  DeleteObjects: 0.184200 ms)

AssetImportParameters requested are different than current active one (requested -> active):
  custom:video-decoder-ogg-theora: a1e56fd34408186e4bbccfd4996cb3dc -> 
  custom:container-muxer-webm: aa71ff27fc2769a1b78a27578f13a17b -> 
  custom:container-demuxer-webm: 4f35f7cbe854078d1ac9338744f61a02 -> 
  custom:video-encoder-webm-vp8: eb34c28f22e8b96e1ab97ce403110664 -> 
  custom:audio-encoder-webm-vorbis: bf7c407c2cedff20999df2af8eb42d56 -> 
  custom:framework-win-MediaFoundation: 216162199b28c13a410421893ffa2e32 -> 
  custom:container-demuxer-ogg: 62fdf1f143b41e24485cea50d1cbac27 -> 
  custom:video-decoder-webm-vp8: 9c59270c3fd7afecdb556c50c9e8de78 -> 
  custom:audio-decoder-ogg-vorbis: bf7c407c2cedff20999df2af8eb42d56 -> 
========================================================================
Received Prepare
Registering precompiled user dll's ...
Registered in 0.020441 seconds.
Begin MonoManager ReloadAssembly
Symbol file LoadedFromMemory doesn't match image C:\Users\Santi\Desktop\Videojuegos\Videojuego Alien\MegaManProject\Library\PackageCache\com.unity.visualscripting@1.7.6\Editor\VisualScripting.Core\Dependencies\YamlDotNet\Unity.VisualScripting.YamlDotNet.dll
Symbol file LoadedFromMemory doesn't match image C:\Users\Santi\Desktop\Videojuegos\Videojuego Alien\MegaManProject\Library\PackageCache\com.unity.visualscripting@1.7.6\Editor\VisualScripting.Core\Dependencies\DotNetZip\Unity.VisualScripting.IonicZip.dll
Native extension for WindowsStandalone target not found
Refreshing native plugins compatible for Editor in 1.56 ms, found 4 plugins.
Preloading 0 native plugins for Editor in 0.00 ms.
Mono: successfully reloaded assembly
- Completed reload, in  1.746 seconds
Domain Reload Profiling:
	ReloadAssembly (1747ms)
		BeginReloadAssembly (223ms)
			ExecutionOrderSort (0ms)
			DisableScriptedObjects (11ms)
			BackupInstance (0ms)
			ReleaseScriptingObjects (0ms)
			CreateAndSetChildDomain (50ms)
		EndReloadAssembly (1359ms)
			LoadAssemblies (169ms)
			RebuildTransferFunctionScriptingTraits (0ms)
			SetupTypeCache (338ms)
			ReleaseScriptCaches (2ms)
			RebuildScriptCaches (73ms)
			SetupLoadedEditorAssemblies (727ms)
				LogAssemblyErrors (0ms)
				InitializePlatformSupportModulesInManaged (24ms)
				SetLoadedEditorAssemblies (1ms)
				RefreshPlugins (2ms)
				BeforeProcessingInitializeOnLoad (145ms)
				ProcessInitializeOnLoadAttributes (485ms)
				ProcessInitializeOnLoadMethodAttributes (48ms)
				AfterProcessingInitializeOnLoad (23ms)
				EditorAssembliesLoaded (0ms)
			ExecutionOrderSort2 (0ms)
			AwakeInstancesAfterBackupRestoration (16ms)
Platform modules already initialized, skipping
Refreshing native plugins compatible for Editor in 4.41 ms, found 4 plugins.
Preloading 0 native plugins for Editor in 0.00 ms.
Unloading 4039 Unused Serialized files (Serialized files now loaded: 0)
Unloading 28 unused Assets / (192.8 KB). Loaded Objects now: 4504.
Memory consumption went from 152.4 MB to 152.2 MB.
Total: 4.638900 ms (FindLiveObjects: 0.351100 ms CreateObjectMapping: 0.172800 ms MarkObjects: 3.918200 ms  DeleteObjects: 0.195100 ms)

AssetImportParameters requested are different than current active one (requested -> active):
  custom:video-decoder-ogg-theora: a1e56fd34408186e4bbccfd4996cb3dc -> 
  custom:container-muxer-webm: aa71ff27fc2769a1b78a27578f13a17b -> 
  custom:container-demuxer-webm: 4f35f7cbe854078d1ac9338744f61a02 -> 
  custom:video-encoder-webm-vp8: eb34c28f22e8b96e1ab97ce403110664 -> 
  custom:audio-encoder-webm-vorbis: bf7c407c2cedff20999df2af8eb42d56 -> 
  custom:framework-win-MediaFoundation: 216162199b28c13a410421893ffa2e32 -> 
  custom:container-demuxer-ogg: 62fdf1f143b41e24485cea50d1cbac27 -> 
  custom:video-decoder-webm-vp8: 9c59270c3fd7afecdb556c50c9e8de78 -> 
  custom:audio-decoder-ogg-vorbis: bf7c407c2cedff20999df2af8eb42d56 -> 
========================================================================
Received Prepare
Registering precompiled user dll's ...
Registered in 0.021386 seconds.
Begin MonoManager ReloadAssembly
Symbol file LoadedFromMemory doesn't match image C:\Users\Santi\Desktop\Videojuegos\Videojuego Alien\MegaManProject\Library\PackageCache\com.unity.visualscripting@1.7.6\Editor\VisualScripting.Core\Dependencies\YamlDotNet\Unity.VisualScripting.YamlDotNet.dll
Symbol file LoadedFromMemory doesn't match image C:\Users\Santi\Desktop\Videojuegos\Videojuego Alien\MegaManProject\Library\PackageCache\com.unity.visualscripting@1.7.6\Editor\VisualScripting.Core\Dependencies\DotNetZip\Unity.VisualScripting.IonicZip.dll
Native extension for WindowsStandalone target not found
Refreshing native plugins compatible for Editor in 1.10 ms, found 4 plugins.
Preloading 0 native plugins for Editor in 0.00 ms.
Mono: successfully reloaded assembly
- Completed reload, in  1.777 seconds
Domain Reload Profiling:
	ReloadAssembly (1778ms)
		BeginReloadAssembly (215ms)
			ExecutionOrderSort (0ms)
			DisableScriptedObjects (11ms)
			BackupInstance (0ms)
			ReleaseScriptingObjects (0ms)
			CreateAndSetChildDomain (49ms)
		EndReloadAssembly (1389ms)
			LoadAssemblies (162ms)
			RebuildTransferFunctionScriptingTraits (0ms)
			SetupTypeCache (364ms)
			ReleaseScriptCaches (2ms)
			RebuildScriptCaches (71ms)
			SetupLoadedEditorAssemblies (722ms)
				LogAssemblyErrors (0ms)
				InitializePlatformSupportModulesInManaged (22ms)
				SetLoadedEditorAssemblies (1ms)
				RefreshPlugins (1ms)
				BeforeProcessingInitializeOnLoad (138ms)
				ProcessInitializeOnLoadAttributes (489ms)
				ProcessInitializeOnLoadMethodAttributes (48ms)
				AfterProcessingInitializeOnLoad (23ms)
				EditorAssembliesLoaded (0ms)
			ExecutionOrderSort2 (0ms)
			AwakeInstancesAfterBackupRestoration (16ms)
Platform modules already initialized, skipping
Refreshing native plugins compatible for Editor in 4.54 ms, found 4 plugins.
Preloading 0 native plugins for Editor in 0.00 ms.
Unloading 4039 Unused Serialized files (Serialized files now loaded: 0)
Unloading 28 unused Assets / (193.0 KB). Loaded Objects now: 4506.
Memory consumption went from 152.4 MB to 152.2 MB.
Total: 4.676600 ms (FindLiveObjects: 0.351800 ms CreateObjectMapping: 0.177100 ms MarkObjects: 3.951400 ms  DeleteObjects: 0.194400 ms)

AssetImportParameters requested are different than current active one (requested -> active):
  custom:video-decoder-ogg-theora: a1e56fd34408186e4bbccfd4996cb3dc -> 
  custom:container-muxer-webm: aa71ff27fc2769a1b78a27578f13a17b -> 
  custom:container-demuxer-webm: 4f35f7cbe854078d1ac9338744f61a02 -> 
  custom:video-encoder-webm-vp8: eb34c28f22e8b96e1ab97ce403110664 -> 
  custom:audio-encoder-webm-vorbis: bf7c407c2cedff20999df2af8eb42d56 -> 
  custom:framework-win-MediaFoundation: 216162199b28c13a410421893ffa2e32 -> 
  custom:container-demuxer-ogg: 62fdf1f143b41e24485cea50d1cbac27 -> 
  custom:video-decoder-webm-vp8: 9c59270c3fd7afecdb556c50c9e8de78 -> 
  custom:audio-decoder-ogg-vorbis: bf7c407c2cedff20999df2af8eb42d56 -> 
========================================================================
Received Import Request.
  Time since last request: 399.547659 seconds.
  path: Assets/Tiles/Background.prefab
  artifactKey: Guid(14c0576689b913a48b7e12412e8ff66c) Importer(815301076,1909f56bfc062723c751e8b465ee728b)
Start importing Assets/Tiles/Background.prefab using Guid(14c0576689b913a48b7e12412e8ff66c) Importer(815301076,1909f56bfc062723c751e8b465ee728b)  -> (artifact id: '40d517de53b581583734a5c186ad952c') in 0.196513 seconds 
========================================================================
Received Import Request.
  Time since last request: 0.000033 seconds.
  path: Assets/Tiles/terrain_B_35.asset
  artifactKey: Guid(253987b747561d4428d74c092897e4b9) Importer(815301076,1909f56bfc062723c751e8b465ee728b)
Start importing Assets/Tiles/terrain_B_35.asset using Guid(253987b747561d4428d74c092897e4b9) Importer(815301076,1909f56bfc062723c751e8b465ee728b)  -> (artifact id: '26ef1fd4bc48397dcf6c45b691e85083') in 0.022447 seconds 
========================================================================
Received Import Request.
  Time since last request: 0.000036 seconds.
  path: Assets/Tiles/terrain_B_7.asset
  artifactKey: Guid(de0d8987977974847ab9cc0a56668d9d) Importer(815301076,1909f56bfc062723c751e8b465ee728b)
Start importing Assets/Tiles/terrain_B_7.asset using Guid(de0d8987977974847ab9cc0a56668d9d) Importer(815301076,1909f56bfc062723c751e8b465ee728b)  -> (artifact id: 'c6a63b21f7ea8bd80a1b8050b5c68fe3') in 0.012603 seconds 
========================================================================
Received Import Request.
  Time since last request: 0.000027 seconds.
  path: Assets/Tiles/terrain_B_70.asset
  artifactKey: Guid(a80f68b3621d3ef4e9c876763732fa57) Importer(815301076,1909f56bfc062723c751e8b465ee728b)
Start importing Assets/Tiles/terrain_B_70.asset using Guid(a80f68b3621d3ef4e9c876763732fa57) Importer(815301076,1909f56bfc062723c751e8b465ee728b)  -> (artifact id: '68b836b10805e46730537ff2faf7d46c') in 0.013036 seconds 
========================================================================
Received Import Request.
  Time since last request: 0.000030 seconds.
  path: Assets/Tiles/terrain_B_23.asset
  artifactKey: Guid(3d6ec6a2f203b1b4dbaae6533c5a006b) Importer(815301076,1909f56bfc062723c751e8b465ee728b)
Start importing Assets/Tiles/terrain_B_23.asset using Guid(3d6ec6a2f203b1b4dbaae6533c5a006b) Importer(815301076,1909f56bfc062723c751e8b465ee728b)  -> (artifact id: 'bd8943f9bdf75d56f6a5cabd2c102fe1') in 0.014333 seconds 
========================================================================
Received Import Request.
  Time since last request: 0.000029 seconds.
  path: Assets/Tiles/terrain_B_36.asset
  artifactKey: Guid(ca4c676a221081f40bcc1b20b0935107) Importer(815301076,1909f56bfc062723c751e8b465ee728b)
Start importing Assets/Tiles/terrain_B_36.asset using Guid(ca4c676a221081f40bcc1b20b0935107) Importer(815301076,1909f56bfc062723c751e8b465ee728b)  -> (artifact id: '61c8e244718b435a9fd3a4ded721518a') in 0.014307 seconds 
========================================================================
Received Import Request.
  Time since last request: 0.000027 seconds.
  path: Assets/Tiles/terrain_B_66.asset
  artifactKey: Guid(b94aebae2a5b90841ab4463545b6c0da) Importer(815301076,1909f56bfc062723c751e8b465ee728b)
Start importing Assets/Tiles/terrain_B_66.asset using Guid(b94aebae2a5b90841ab4463545b6c0da) Importer(815301076,1909f56bfc062723c751e8b465ee728b)  -> (artifact id: 'e5839e64e1475e268c40bcf6799b25fe') in 0.011129 seconds 
========================================================================
Received Import Request.
  Time since last request: 0.000027 seconds.
  path: Assets/Tiles/terrain_B_29.asset
  artifactKey: Guid(111b80ce9d4ffdc418774fcbf5d0a2de) Importer(815301076,1909f56bfc062723c751e8b465ee728b)
Start importing Assets/Tiles/terrain_B_29.asset using Guid(111b80ce9d4ffdc418774fcbf5d0a2de) Importer(815301076,1909f56bfc062723c751e8b465ee728b)  -> (artifact id: '4b3d44808b7c2c5c88f501db3d04b5a2') in 0.011488 seconds 
========================================================================
Received Import Request.
  Time since last request: 0.000029 seconds.
  path: Assets/Tiles/terrain_B_85.asset
  artifactKey: Guid(1afa82fc1d894164389b6e6e8669dc70) Importer(815301076,1909f56bfc062723c751e8b465ee728b)
Start importing Assets/Tiles/terrain_B_85.asset using Guid(1afa82fc1d894164389b6e6e8669dc70) Importer(815301076,1909f56bfc062723c751e8b465ee728b)  -> (artifact id: 'a5480701194e81cc78ac1962e3ded247') in 0.012533 seconds 
========================================================================
Received Import Request.
  Time since last request: 0.000027 seconds.
  path: Assets/Tiles/terrain_B_50.asset
  artifactKey: Guid(48a976eb74f492a468cc5a294f47b039) Importer(815301076,1909f56bfc062723c751e8b465ee728b)
Start importing Assets/Tiles/terrain_B_50.asset using Guid(48a976eb74f492a468cc5a294f47b039) Importer(815301076,1909f56bfc062723c751e8b465ee728b)  -> (artifact id: '5547127826628a516fc1d691ab76c7a5') in 0.011599 seconds 
========================================================================
Received Import Request.
  Time since last request: 0.000028 seconds.
  path: Assets/Tiles/terrain_B_81.asset
  artifactKey: Guid(d2b6a7d5d2ad7af45a0e73ee49cb0ee1) Importer(815301076,1909f56bfc062723c751e8b465ee728b)
Start importing Assets/Tiles/terrain_B_81.asset using Guid(d2b6a7d5d2ad7af45a0e73ee49cb0ee1) Importer(815301076,1909f56bfc062723c751e8b465ee728b)  -> (artifact id: 'd2805b10671895c500f07bc3eb0f5a01') in 0.011645 seconds 
========================================================================
Received Import Request.
  Time since last request: 0.000030 seconds.
  path: Assets/Tiles/terrain_B_82.asset
  artifactKey: Guid(417f7cc1616f9714f9263506a258b833) Importer(815301076,1909f56bfc062723c751e8b465ee728b)
Start importing Assets/Tiles/terrain_B_82.asset using Guid(417f7cc1616f9714f9263506a258b833) Importer(815301076,1909f56bfc062723c751e8b465ee728b)  -> (artifact id: '1018dee5d45d92480fa732f95cd26669') in 0.011478 seconds 
========================================================================
Received Import Request.
  Time since last request: 0.000031 seconds.
  path: Assets/Tiles/terrain_B_68.asset
  artifactKey: Guid(b0fcc52660c23574c9025b7955c0f103) Importer(815301076,1909f56bfc062723c751e8b465ee728b)
Start importing Assets/Tiles/terrain_B_68.asset using Guid(b0fcc52660c23574c9025b7955c0f103) Importer(815301076,1909f56bfc062723c751e8b465ee728b)  -> (artifact id: 'af99bd87c0b8062996d517ab82bf980d') in 0.012392 seconds 
========================================================================
Received Import Request.
  Time since last request: 0.000037 seconds.
  path: Assets/Tiles/terrain_B_31.asset
  artifactKey: Guid(1549afcec39e27b4f95d8bbc7da5e6c8) Importer(815301076,1909f56bfc062723c751e8b465ee728b)
Start importing Assets/Tiles/terrain_B_31.asset using Guid(1549afcec39e27b4f95d8bbc7da5e6c8) Importer(815301076,1909f56bfc062723c751e8b465ee728b)  -> (artifact id: '3fa0f5fc446bdfb87322e2649bc70e65') in 0.011866 seconds 
========================================================================
Received Import Request.
  Time since last request: 0.000027 seconds.
  path: Assets/Tiles/terrain_B_76.asset
  artifactKey: Guid(8b2644c7c514ec441a94ab1f39d1dd98) Importer(815301076,1909f56bfc062723c751e8b465ee728b)
Start importing Assets/Tiles/terrain_B_76.asset using Guid(8b2644c7c514ec441a94ab1f39d1dd98) Importer(815301076,1909f56bfc062723c751e8b465ee728b)  -> (artifact id: 'bdf3940475ec42138a1d6a6a3811b459') in 0.011814 seconds 
========================================================================
Received Import Request.
  Time since last request: 0.000028 seconds.
  path: Assets/Tiles/terrain_B_80.asset
  artifactKey: Guid(18ac1038604022f4a96bf9e2463e62ff) Importer(815301076,1909f56bfc062723c751e8b465ee728b)
Start importing Assets/Tiles/terrain_B_80.asset using Guid(18ac1038604022f4a96bf9e2463e62ff) Importer(815301076,1909f56bfc062723c751e8b465ee728b)  -> (artifact id: '4cb84cd61cb7a35feda6be1ea4fb4207') in 0.013537 seconds 
========================================================================
Received Import Request.
  Time since last request: 0.000028 seconds.
  path: Assets/Tiles/terrain_B_86.asset
  artifactKey: Guid(de5336e656a8cbb4f9508e941bc042fa) Importer(815301076,1909f56bfc062723c751e8b465ee728b)
Start importing Assets/Tiles/terrain_B_86.asset using Guid(de5336e656a8cbb4f9508e941bc042fa) Importer(815301076,1909f56bfc062723c751e8b465ee728b)  -> (artifact id: '3cfbf2c2fc6a68b1c0bcf6bf1aa5e6cc') in 0.013691 seconds 
========================================================================
Received Import Request.
  Time since last request: 0.000028 seconds.
  path: Assets/Tiles/terrain_B_55.asset
  artifactKey: Guid(85f2e4282df57e44a92ff4aa8cb1d03b) Importer(815301076,1909f56bfc062723c751e8b465ee728b)
Start importing Assets/Tiles/terrain_B_55.asset using Guid(85f2e4282df57e44a92ff4aa8cb1d03b) Importer(815301076,1909f56bfc062723c751e8b465ee728b)  -> (artifact id: '68b7478a65815de2ef824f6b0baeef1a') in 0.011385 seconds 
========================================================================
Received Import Request.
  Time since last request: 0.000028 seconds.
  path: Assets/Tiles/terrain_B_14.asset
  artifactKey: Guid(194dc2807cbe9574fa44a07fca3f3b50) Importer(815301076,1909f56bfc062723c751e8b465ee728b)
Start importing Assets/Tiles/terrain_B_14.asset using Guid(194dc2807cbe9574fa44a07fca3f3b50) Importer(815301076,1909f56bfc062723c751e8b465ee728b)  -> (artifact id: '081fa25e610b612ae8c9db1faf10558f') in 0.011166 seconds 
========================================================================
Received Import Request.
  Time since last request: 0.000027 seconds.
  path: Assets/Tiles/terrain_B_0.asset
  artifactKey: Guid(db325f29715c66a4eb2713ed24b0e679) Importer(815301076,1909f56bfc062723c751e8b465ee728b)
Start importing Assets/Tiles/terrain_B_0.asset using Guid(db325f29715c66a4eb2713ed24b0e679) Importer(815301076,1909f56bfc062723c751e8b465ee728b)  -> (artifact id: '1eca2d41c42ee61da19d2305c7e9ec23') in 0.009710 seconds 
========================================================================
Received Import Request.
  Time since last request: 0.000025 seconds.
  path: Assets/Tiles/terrain_B_47.asset
  artifactKey: Guid(e29f42810fbde8a4ba490699280c819d) Importer(815301076,1909f56bfc062723c751e8b465ee728b)
Start importing Assets/Tiles/terrain_B_47.asset using Guid(e29f42810fbde8a4ba490699280c819d) Importer(815301076,1909f56bfc062723c751e8b465ee728b)  -> (artifact id: '0f2f07fce73aba84445f83d44db8b909') in 0.009341 seconds 
========================================================================
Received Import Request.
  Time since last request: 0.000029 seconds.
  path: Assets/Tiles/terrain_B_20.asset
  artifactKey: Guid(202aa07cbea77e448a3ef20c79cfe709) Importer(815301076,1909f56bfc062723c751e8b465ee728b)
Start importing Assets/Tiles/terrain_B_20.asset using Guid(202aa07cbea77e448a3ef20c79cfe709) Importer(815301076,1909f56bfc062723c751e8b465ee728b)  -> (artifact id: '413b65b7dc4bfbb75490b45275e0e1d9') in 0.010624 seconds 
========================================================================
Received Import Request.
  Time since last request: 0.000023 seconds.
  path: Assets/Tiles/terrain_B_61.asset
  artifactKey: Guid(9611c26f6c3e08f43b143aa2c69cf402) Importer(815301076,1909f56bfc062723c751e8b465ee728b)
Start importing Assets/Tiles/terrain_B_61.asset using Guid(9611c26f6c3e08f43b143aa2c69cf402) Importer(815301076,1909f56bfc062723c751e8b465ee728b)  -> (artifact id: '3c549f38a7ba215e8a96ac50d2704616') in 0.009176 seconds 
========================================================================
Received Import Request.
  Time since last request: 0.000023 seconds.
  path: Assets/Tiles/terrain_B_30.asset
  artifactKey: Guid(29134a35facb5134893cd4efda126800) Importer(815301076,1909f56bfc062723c751e8b465ee728b)
Start importing Assets/Tiles/terrain_B_30.asset using Guid(29134a35facb5134893cd4efda126800) Importer(815301076,1909f56bfc062723c751e8b465ee728b)  -> (artifact id: '3ea8a97c1c5e33d30694f0396f42f210') in 0.009010 seconds 
========================================================================
Received Import Request.
  Time since last request: 0.000024 seconds.
  path: Assets/Tiles/terrain_B_28.asset
  artifactKey: Guid(5106b129abc300442939b8226b559e6a) Importer(815301076,1909f56bfc062723c751e8b465ee728b)
Start importing Assets/Tiles/terrain_B_28.asset using Guid(5106b129abc300442939b8226b559e6a) Importer(815301076,1909f56bfc062723c751e8b465ee728b)  -> (artifact id: 'cf12fc208fe425e6401da2adf6e584fc') in 0.009725 seconds 
========================================================================
Received Import Request.
  Time since last request: 0.000029 seconds.
  path: Assets/Tiles/terrain_B_88.asset
  artifactKey: Guid(e4e6ffe5cff845647b4a0aaf85fd7670) Importer(815301076,1909f56bfc062723c751e8b465ee728b)
Start importing Assets/Tiles/terrain_B_88.asset using Guid(e4e6ffe5cff845647b4a0aaf85fd7670) Importer(815301076,1909f56bfc062723c751e8b465ee728b)  -> (artifact id: 'ea86dccbd056f206ec402b6d21ca4b91') in 0.009400 seconds 
========================================================================
Received Import Request.
  Time since last request: 0.000033 seconds.
  path: Assets/Tiles/terrain_B_43.asset
  artifactKey: Guid(75d811bde00a00347b5c3bd631bbd155) Importer(815301076,1909f56bfc062723c751e8b465ee728b)
Start importing Assets/Tiles/terrain_B_43.asset using Guid(75d811bde00a00347b5c3bd631bbd155) Importer(815301076,1909f56bfc062723c751e8b465ee728b)  -> (artifact id: 'a91592fde2b0aba87f7ae2f2c429bfcb') in 0.011865 seconds 
========================================================================
Received Import Request.
  Time since last request: 0.000024 seconds.
  path: Assets/Tiles/terrain_B_56.asset
  artifactKey: Guid(83f332b7eb08c9849b1bd8303a93e55b) Importer(815301076,1909f56bfc062723c751e8b465ee728b)
Start importing Assets/Tiles/terrain_B_56.asset using Guid(83f332b7eb08c9849b1bd8303a93e55b) Importer(815301076,1909f56bfc062723c751e8b465ee728b)  -> (artifact id: '81be2ecd9a3af3ef5515d54fa8c7aaf0') in 0.009711 seconds 
========================================================================
Received Import Request.
  Time since last request: 0.000030 seconds.
  path: Assets/Tiles/terrain_B_72.asset
  artifactKey: Guid(67630344988eb7d4ebe347484c53571b) Importer(815301076,1909f56bfc062723c751e8b465ee728b)
Start importing Assets/Tiles/terrain_B_72.asset using Guid(67630344988eb7d4ebe347484c53571b) Importer(815301076,1909f56bfc062723c751e8b465ee728b)  -> (artifact id: '7d31b88a7768619814185d1d905fe19a') in 0.011038 seconds 
========================================================================
Received Import Request.
  Time since last request: 0.000027 seconds.
  path: Assets/Tiles/terrain_B_60.asset
  artifactKey: Guid(8f9a26aab0e7efb41865397e4f7558d2) Importer(815301076,1909f56bfc062723c751e8b465ee728b)
Start importing Assets/Tiles/terrain_B_60.asset using Guid(8f9a26aab0e7efb41865397e4f7558d2) Importer(815301076,1909f56bfc062723c751e8b465ee728b)  -> (artifact id: 'bac36699b744ec7f82c1f6637b47d59a') in 0.009269 seconds 
========================================================================
Received Import Request.
  Time since last request: 0.000023 seconds.
  path: Assets/Tiles/terrain_B_74.asset
  artifactKey: Guid(cc7e480290c292d4bb7a16781580a1cd) Importer(815301076,1909f56bfc062723c751e8b465ee728b)
Start importing Assets/Tiles/terrain_B_74.asset using Guid(cc7e480290c292d4bb7a16781580a1cd) Importer(815301076,1909f56bfc062723c751e8b465ee728b)  -> (artifact id: 'cb24b06a07e337a471d0fbe0e0ab279d') in 0.009484 seconds 
========================================================================
Received Import Request.
  Time since last request: 0.000025 seconds.
  path: Assets/Tiles/terrain_B_3.asset
  artifactKey: Guid(b122d7790b22ad343ad91665df562576) Importer(815301076,1909f56bfc062723c751e8b465ee728b)
Start importing Assets/Tiles/terrain_B_3.asset using Guid(b122d7790b22ad343ad91665df562576) Importer(815301076,1909f56bfc062723c751e8b465ee728b)  -> (artifact id: '1fa5ec4b2930045df60afe84800907ef') in 0.009477 seconds 
========================================================================
Received Import Request.
  Time since last request: 0.000023 seconds.
  path: Assets/Tiles/terrain_B_19.asset
  artifactKey: Guid(03689335ad1b33945b156f35e0960862) Importer(815301076,1909f56bfc062723c751e8b465ee728b)
Start importing Assets/Tiles/terrain_B_19.asset using Guid(03689335ad1b33945b156f35e0960862) Importer(815301076,1909f56bfc062723c751e8b465ee728b)  -> (artifact id: '86e0c2f6d53ac7b9f742896c18aba3b1') in 0.009429 seconds 
========================================================================
Received Import Request.
  Time since last request: 0.000025 seconds.
  path: Assets/Tiles/terrain_B_12.asset
  artifactKey: Guid(6ae085cf537b07241a6bd528eb39bd04) Importer(815301076,1909f56bfc062723c751e8b465ee728b)
Start importing Assets/Tiles/terrain_B_12.asset using Guid(6ae085cf537b07241a6bd528eb39bd04) Importer(815301076,1909f56bfc062723c751e8b465ee728b)  -> (artifact id: 'a385dbbb35a030b9e498630d6d88a28f') in 0.010053 seconds 
========================================================================
Received Import Request.
  Time since last request: 0.000024 seconds.
  path: Assets/Tiles/terrain_B_26.asset
  artifactKey: Guid(6c07c18ada023f9458fa4a369f188d3f) Importer(815301076,1909f56bfc062723c751e8b465ee728b)
Start importing Assets/Tiles/terrain_B_26.asset using Guid(6c07c18ada023f9458fa4a369f188d3f) Importer(815301076,1909f56bfc062723c751e8b465ee728b)  -> (artifact id: '368b3bcf4ce64a6a14ce9ecf8b541ec8') in 0.009160 seconds 
========================================================================
Received Import Request.
  Time since last request: 0.000035 seconds.
  path: Assets/Tiles/terrain_B_4.asset
  artifactKey: Guid(7ca8ca1a6c775bf4e8b67b99fd55e5c1) Importer(815301076,1909f56bfc062723c751e8b465ee728b)
Start importing Assets/Tiles/terrain_B_4.asset using Guid(7ca8ca1a6c775bf4e8b67b99fd55e5c1) Importer(815301076,1909f56bfc062723c751e8b465ee728b)  -> (artifact id: '7b25ca9242b60f1b61f192ac1500b3b1') in 0.009871 seconds 
========================================================================
Received Import Request.
  Time since last request: 0.000023 seconds.
  path: Assets/Tiles/terrain_B_65.asset
  artifactKey: Guid(ef1491cfc60c62a459e4f27f97126103) Importer(815301076,1909f56bfc062723c751e8b465ee728b)
Start importing Assets/Tiles/terrain_B_65.asset using Guid(ef1491cfc60c62a459e4f27f97126103) Importer(815301076,1909f56bfc062723c751e8b465ee728b)  -> (artifact id: '487d396245f378a58ddcc1a5bcb44946') in 0.009586 seconds 
========================================================================
Received Import Request.
  Time since last request: 0.000021 seconds.
  path: Assets/Tiles/terrain_B_67.asset
  artifactKey: Guid(ee8070f60e8ac0f4c9724eaaa419a63f) Importer(815301076,1909f56bfc062723c751e8b465ee728b)
Start importing Assets/Tiles/terrain_B_67.asset using Guid(ee8070f60e8ac0f4c9724eaaa419a63f) Importer(815301076,1909f56bfc062723c751e8b465ee728b)  -> (artifact id: 'bb605eef1acb796c3c8be41707f90166') in 0.011334 seconds 
========================================================================
Received Import Request.
  Time since last request: 0.000027 seconds.
  path: Assets/Tiles/terrain_B_8.asset
  artifactKey: Guid(06c29ecb92d02c54192e5c3bae264223) Importer(815301076,1909f56bfc062723c751e8b465ee728b)
Start importing Assets/Tiles/terrain_B_8.asset using Guid(06c29ecb92d02c54192e5c3bae264223) Importer(815301076,1909f56bfc062723c751e8b465ee728b)  -> (artifact id: '972047689021e840d3e3ad97986ac77a') in 0.009666 seconds 
========================================================================
Received Import Request.
  Time since last request: 0.000037 seconds.
  path: Assets/Tiles/terrain_B_15.asset
  artifactKey: Guid(6cccdc76527833d41a8bbf29017ef1a4) Importer(815301076,1909f56bfc062723c751e8b465ee728b)
Start importing Assets/Tiles/terrain_B_15.asset using Guid(6cccdc76527833d41a8bbf29017ef1a4) Importer(815301076,1909f56bfc062723c751e8b465ee728b)  -> (artifact id: '864232ed2ef1a208bc0e9c3c32dc873e') in 0.009379 seconds 
========================================================================
Received Import Request.
  Time since last request: 0.000029 seconds.
  path: Assets/Tiles/terrain_B_75.asset
  artifactKey: Guid(218a9b09eb6d6c94e9bf39c2e8771b28) Importer(815301076,1909f56bfc062723c751e8b465ee728b)
Start importing Assets/Tiles/terrain_B_75.asset using Guid(218a9b09eb6d6c94e9bf39c2e8771b28) Importer(815301076,1909f56bfc062723c751e8b465ee728b)  -> (artifact id: '874ab6a990993987abd4d1ae29667ef2') in 0.011215 seconds 
========================================================================
Received Import Request.
  Time since last request: 0.000021 seconds.
  path: Assets/Tiles/terrain_B_79.asset
  artifactKey: Guid(25f245f3ab1a33c4e9f99c25336ad632) Importer(815301076,1909f56bfc062723c751e8b465ee728b)
Start importing Assets/Tiles/terrain_B_79.asset using Guid(25f245f3ab1a33c4e9f99c25336ad632) Importer(815301076,1909f56bfc062723c751e8b465ee728b)  -> (artifact id: '8c055ed7d470421277b2c416efe1c41c') in 0.010013 seconds 
========================================================================
Received Import Request.
  Time since last request: 0.000022 seconds.
  path: Assets/Tiles/terrain_B_17.asset
  artifactKey: Guid(0637e0814655b454ba92591cd1f72864) Importer(815301076,1909f56bfc062723c751e8b465ee728b)
Start importing Assets/Tiles/terrain_B_17.asset using Guid(0637e0814655b454ba92591cd1f72864) Importer(815301076,1909f56bfc062723c751e8b465ee728b)  -> (artifact id: '51fb682f04a044a56ef4f2c81a64daae') in 0.010825 seconds 
========================================================================
Received Import Request.
  Time since last request: 0.000022 seconds.
  path: Assets/Tiles/terrain_B_59.asset
  artifactKey: Guid(efa1e21205e7bbe469bcb2d91439eb41) Importer(815301076,1909f56bfc062723c751e8b465ee728b)
Start importing Assets/Tiles/terrain_B_59.asset using Guid(efa1e21205e7bbe469bcb2d91439eb41) Importer(815301076,1909f56bfc062723c751e8b465ee728b)  -> (artifact id: '6d01f0e34da86240badbfcb74c730ef5') in 0.009237 seconds 
========================================================================
Received Import Request.
  Time since last request: 0.000022 seconds.
  path: Assets/Tiles/terrain_B_62.asset
  artifactKey: Guid(cabaa44b1b3c7c445bc27850af7182fa) Importer(815301076,1909f56bfc062723c751e8b465ee728b)
Start importing Assets/Tiles/terrain_B_62.asset using Guid(cabaa44b1b3c7c445bc27850af7182fa) Importer(815301076,1909f56bfc062723c751e8b465ee728b)  -> (artifact id: 'd3f10df05ac6bf58dc2a2f186f6d2861') in 0.009059 seconds 
========================================================================
Received Import Request.
  Time since last request: 0.000024 seconds.
  path: Assets/Tiles/terrain_B_32.asset
  artifactKey: Guid(23e9acfce3e468b43bb832f7a0835714) Importer(815301076,1909f56bfc062723c751e8b465ee728b)
Start importing Assets/Tiles/terrain_B_32.asset using Guid(23e9acfce3e468b43bb832f7a0835714) Importer(815301076,1909f56bfc062723c751e8b465ee728b)  -> (artifact id: '89b101999be8d9eb327eda17bbd34d40') in 0.009743 seconds 
========================================================================
Received Import Request.
  Time since last request: 0.000026 seconds.
  path: Assets/Tiles/terrain_B_10.asset
  artifactKey: Guid(efc9566f4f6c9d9479811ef767250ba1) Importer(815301076,1909f56bfc062723c751e8b465ee728b)
Start importing Assets/Tiles/terrain_B_10.asset using Guid(efc9566f4f6c9d9479811ef767250ba1) Importer(815301076,1909f56bfc062723c751e8b465ee728b)  -> (artifact id: 'c8d95bc2bbda665f7ae8198fea058ca2') in 0.011980 seconds 
========================================================================
Received Import Request.
  Time since last request: 0.000023 seconds.
  path: Assets/Tiles/terrain_B_78.asset
  artifactKey: Guid(0c978abd93fe8e94791a37cfa5adaa63) Importer(815301076,1909f56bfc062723c751e8b465ee728b)
Start importing Assets/Tiles/terrain_B_78.asset using Guid(0c978abd93fe8e94791a37cfa5adaa63) Importer(815301076,1909f56bfc062723c751e8b465ee728b)  -> (artifact id: '25b32ea33d4af432c92889d2762dd657') in 0.009554 seconds 
========================================================================
Received Import Request.
  Time since last request: 0.000024 seconds.
  path: Assets/Tiles/terrain_B_2.asset
  artifactKey: Guid(dc4ee077cffafa14a9c0659598493063) Importer(815301076,1909f56bfc062723c751e8b465ee728b)
Start importing Assets/Tiles/terrain_B_2.asset using Guid(dc4ee077cffafa14a9c0659598493063) Importer(815301076,1909f56bfc062723c751e8b465ee728b)  -> (artifact id: '9ae897281f5187add1ea6fc82ee1dbd2') in 0.009306 seconds 
========================================================================
Received Import Request.
  Time since last request: 0.000021 seconds.
  path: Assets/Tiles/terrain_B_51.asset
  artifactKey: Guid(6b505bc34c2eb46448db45c83d46ade9) Importer(815301076,1909f56bfc062723c751e8b465ee728b)
Start importing Assets/Tiles/terrain_B_51.asset using Guid(6b505bc34c2eb46448db45c83d46ade9) Importer(815301076,1909f56bfc062723c751e8b465ee728b)  -> (artifact id: '5e431086cffc8cf05f1c29058bc81209') in 0.009379 seconds 
Editor requested this worker to shutdown with reason: Scaling down because of idle timeout
AssetImportWorker is now disconnected from the server
Process exiting
Exiting without the bug reporter. Application will terminate with return code 0